<?xml version="1.0" encoding="UTF-8"?>
<!-- Generated by org.testng.reporters.JUnitReportReporter -->
<testsuite hostname="mc-lon-mb9464" name="test.demo" tests="1" failures="0" timestamp="12 Apr 2019 09:36:17 GMT" time="2.058" errors="0">
  <testcase name="GetWeatherDetails" time="2.058" classname="test.demo"/>
</testsuite> <!-- test.demo -->
